<?xml version="1.0" encoding="UTF-8"?>
<!-- Generated by org.testng.reporters.JUnitReportReporter -->
<testsuite hostname="DESKTOP-EG9S55C" failures="0" tests="9" name="testcases.Links" time="179.809" errors="0" timestamp="2025-02-27T11:46:08 PST" skipped="0">
  <testcase classname="testcases.Links" name="links" time="21.230"/>
  <system-out/>
  <testcase classname="testcases.Links" name="links" time="17.255"/>
  <system-out/>
  <testcase classname="testcases.Links" name="links" time="19.479"/>
  <system-out/>
  <testcase classname="testcases.Links" name="links" time="18.249"/>
  <system-out/>
  <testcase classname="testcases.Links" name="links" time="19.566"/>
  <system-out/>
  <testcase classname="testcases.Links" name="links" time="21.038"/>
  <system-out/>
  <testcase classname="testcases.Links" name="links" time="20.894"/>
  <system-out/>
  <testcase classname="testcases.Links" name="links" time="21.752"/>
  <system-out/>
  <testcase classname="testcases.Links" name="links" time="20.346"/>
  <system-out/>
</testsuite> <!-- testcases.Links -->
