<?xml version="1.0" encoding="UTF-8"?>
<!-- Generated by org.testng.reporters.JUnitReportReporter -->
<testsuite hostname="DESKTOP-EG9S55C" failures="0" tests="2" name="testcases.TextBox" time="348.526" errors="0" timestamp="2025-01-29T11:51:44 PST" skipped="0">
  <testcase classname="testcases.TextBox" name="textbox" time="300.942"/>
  <system-out/>
  <testcase classname="testcases.TextBox" name="textbox" time="47.584"/>
  <system-out/>
</testsuite> <!-- testcases.TextBox -->
