<?xml version="1.0" encoding="UTF-8"?>
<!-- Generated by org.testng.reporters.JUnitReportReporter -->
<testsuite hostname="DESKTOP-EG9S55C" failures="0" tests="2" name="testcases.TextBox" time="47.074" errors="0" timestamp="2025-02-05T12:48:17 PST" skipped="0">
  <testcase classname="testcases.TextBox" name="textbox" time="24.843"/>
  <system-out/>
  <testcase classname="testcases.TextBox" name="textbox" time="22.231"/>
  <system-out/>
</testsuite> <!-- testcases.TextBox -->
